c:\users\adria\documents\visual studio 2017\projects\student pack\student pack\coursework 2 - gamev1\coursework 2 - starter\debug\vc141.pdb
c:\users\adria\documents\visual studio 2017\projects\student pack\student pack\coursework 2 - gamev1\coursework 2 - starter\debug\vc141.idb
c:\users\adria\documents\visual studio 2017\projects\student pack\student pack\coursework 2 - gamev1\coursework 2 - starter\debug\dynamicblock.obj
c:\users\adria\documents\visual studio 2017\projects\student pack\student pack\coursework 2 - gamev1\coursework 2 - starter\debug\dynamiccircle.obj
c:\users\adria\documents\visual studio 2017\projects\student pack\student pack\coursework 2 - gamev1\coursework 2 - starter\debug\game.obj
c:\users\adria\documents\visual studio 2017\projects\student pack\student pack\coursework 2 - gamev1\coursework 2 - starter\debug\main.obj
c:\users\adria\documents\visual studio 2017\projects\student pack\student pack\coursework 2 - gamev1\coursework 2 - starter\debug\sensorcontactlistener.obj
c:\users\adria\documents\visual studio 2017\projects\student pack\student pack\coursework 2 - gamev1\coursework 2 - starter\debug\staticblock.obj
c:\users\adria\documents\visual studio 2017\projects\student pack\student pack\coursework 2 - gamev1\coursework 2 - starter\debug\terrain.obj
c:\users\adria\documents\visual studio 2017\projects\student pack\student pack\coursework 2 - gamev1\coursework 2 - starter\debug\ui.obj
c:\users\adria\documents\visual studio 2017\projects\student pack\student pack\coursework 2 - gamev1\debug\coursework 2 - starter.ilk
c:\users\adria\documents\visual studio 2017\projects\student pack\student pack\coursework 2 - gamev1\debug\coursework 2 - starter.exe
c:\users\adria\documents\visual studio 2017\projects\student pack\student pack\coursework 2 - gamev1\debug\coursework 2 - starter.pdb
h:\documents\c++ programming year 2\student pack\student pack\coursework 2 - gamev1\coursework 2 - starter\debug\dynamicblock.obj
h:\documents\c++ programming year 2\student pack\student pack\coursework 2 - gamev1\coursework 2 - starter\debug\dynamiccircle.obj
h:\documents\c++ programming year 2\student pack\student pack\coursework 2 - gamev1\coursework 2 - starter\debug\main.obj
h:\documents\c++ programming year 2\student pack\student pack\coursework 2 - gamev1\coursework 2 - starter\debug\game.obj
h:\documents\c++ programming year 2\student pack\student pack\coursework 2 - gamev1\coursework 2 - starter\debug\staticblock.obj
h:\documents\c++ programming year 2\student pack\student pack\coursework 2 - gamev1\coursework 2 - starter\debug\terrain.obj
h:\documents\c++ programming year 2\student pack\student pack\coursework 2 - gamev1\coursework 2 - starter\debug\ui.obj
h:\documents\c++ programming year 2\student pack\student pack\coursework 2 - gamev1\coursework 2 - starter\debug\sensorcontactlistener.obj
h:\documents\c++ programming year 2\student pack\student pack\coursework 2 - gamev1\coursework 2 - starter\debug\vc140.idb
h:\documents\c++ programming year 2\student pack\student pack\coursework 2 - gamev1\coursework 2 - starter\debug\vc141.idb
h:\documents\c++ programming year 2\student pack\student pack\coursework 2 - gamev1\coursework 2 - starter\debug\vc140.pdb
h:\documents\c++ programming year 2\student pack\student pack\coursework 2 - gamev1\coursework 2 - starter\debug\vc141.pdb
h:\documents\c++ programming year 2\student pack\student pack\coursework 2 - gamev1\debug\coursework 2 - starter.pdb
h:\documents\c++ programming year 2\student pack\student pack\coursework 2 - gamev1\debug\coursework 2 - starter.exe
h:\documents\c++ programming year 2\student pack\student pack\coursework 2 - gamev1\debug\coursework 2 - starter.ilk
h:\documents\c++ programming year 2\student pack\student pack\coursework 2 - gamev1\coursework 2 - starter\debug\coursewo.12afa4d4.tlog\cl.read.1.tlog
h:\documents\c++ programming year 2\student pack\student pack\coursework 2 - gamev1\coursework 2 - starter\debug\coursewo.12afa4d4.tlog\cl.write.1.tlog
h:\documents\c++ programming year 2\student pack\student pack\coursework 2 - gamev1\coursework 2 - starter\debug\coursewo.12afa4d4.tlog\cl.command.1.tlog
h:\documents\c++ programming year 2\student pack\student pack\coursework 2 - gamev1\coursework 2 - starter\debug\coursewo.12afa4d4.tlog\link.command.1.tlog
h:\documents\c++ programming year 2\student pack\student pack\coursework 2 - gamev1\coursework 2 - starter\debug\coursewo.12afa4d4.tlog\link.read.1.tlog
h:\documents\c++ programming year 2\student pack\student pack\coursework 2 - gamev1\coursework 2 - starter\debug\coursewo.12afa4d4.tlog\link.write.1.tlog
h:\documents\c++ programming year 2\student pack\student pack\coursework 2 - gamev1\coursework 2 - starter\debug\coursewo.12afa4d4.tlog\link.delete.1.tlog
