  DynamicBlock.cpp
c:\users\adria\documents\visual studio 2017\projects\student pack\student pack\coursework 2 - gamev1\coursework 2 - starter\src\dynamicblock.cpp(11): warning C4305: 'argument': truncation from 'double' to 'float'
c:\users\adria\documents\visual studio 2017\projects\student pack\student pack\coursework 2 - gamev1\coursework 2 - starter\src\dynamicblock.cpp(14): warning C4305: 'argument': truncation from 'double' to 'float'
c:\users\adria\documents\visual studio 2017\projects\student pack\student pack\coursework 2 - gamev1\coursework 2 - starter\src\dynamicblock.cpp(22): warning C4244: 'argument': conversion from 'double' to 'float32', possible loss of data
c:\users\adria\documents\visual studio 2017\projects\student pack\student pack\coursework 2 - gamev1\coursework 2 - starter\src\dynamicblock.cpp(25): warning C4305: '=': truncation from 'double' to 'float32'
c:\users\adria\documents\visual studio 2017\projects\student pack\student pack\coursework 2 - gamev1\coursework 2 - starter\src\dynamicblock.cpp(26): warning C4305: '=': truncation from 'double' to 'float32'
c:\users\adria\documents\visual studio 2017\projects\student pack\student pack\coursework 2 - gamev1\coursework 2 - starter\src\dynamicblock.cpp(33): warning C4305: 'argument': truncation from 'double' to 'float'
c:\users\adria\documents\visual studio 2017\projects\student pack\student pack\coursework 2 - gamev1\coursework 2 - starter\src\dynamicblock.cpp(36): warning C4305: 'argument': truncation from 'double' to 'float'
c:\users\adria\documents\visual studio 2017\projects\student pack\student pack\coursework 2 - gamev1\coursework 2 - starter\src\dynamicblock.cpp(44): warning C4244: 'argument': conversion from 'double' to 'float32', possible loss of data
c:\users\adria\documents\visual studio 2017\projects\student pack\student pack\coursework 2 - gamev1\coursework 2 - starter\src\dynamicblock.cpp(47): warning C4305: '=': truncation from 'double' to 'float32'
c:\users\adria\documents\visual studio 2017\projects\student pack\student pack\coursework 2 - gamev1\coursework 2 - starter\src\dynamicblock.cpp(48): warning C4305: '=': truncation from 'double' to 'float32'
c:\users\adria\documents\visual studio 2017\projects\student pack\student pack\coursework 2 - gamev1\coursework 2 - starter\src\dynamicblock.cpp(55): warning C4305: 'argument': truncation from 'double' to 'float'
c:\users\adria\documents\visual studio 2017\projects\student pack\student pack\coursework 2 - gamev1\coursework 2 - starter\src\dynamicblock.cpp(58): warning C4305: 'argument': truncation from 'double' to 'float'
c:\users\adria\documents\visual studio 2017\projects\student pack\student pack\coursework 2 - gamev1\coursework 2 - starter\src\dynamicblock.cpp(66): warning C4244: 'argument': conversion from 'double' to 'float32', possible loss of data
c:\users\adria\documents\visual studio 2017\projects\student pack\student pack\coursework 2 - gamev1\coursework 2 - starter\src\dynamicblock.cpp(69): warning C4305: '=': truncation from 'double' to 'float32'
c:\users\adria\documents\visual studio 2017\projects\student pack\student pack\coursework 2 - gamev1\coursework 2 - starter\src\dynamicblock.cpp(70): warning C4305: '=': truncation from 'double' to 'float32'
c:\users\adria\documents\visual studio 2017\projects\student pack\student pack\coursework 2 - gamev1\coursework 2 - starter\src\dynamicblock.cpp(158): warning C4305: 'argument': truncation from 'double' to 'float'
c:\users\adria\documents\visual studio 2017\projects\student pack\student pack\coursework 2 - gamev1\coursework 2 - starter\src\dynamicblock.cpp(166): warning C4244: 'argument': conversion from 'double' to 'float32', possible loss of data
c:\users\adria\documents\visual studio 2017\projects\student pack\student pack\coursework 2 - gamev1\coursework 2 - starter\src\dynamicblock.cpp(169): warning C4305: '=': truncation from 'double' to 'float32'
c:\users\adria\documents\visual studio 2017\projects\student pack\student pack\coursework 2 - gamev1\coursework 2 - starter\src\dynamicblock.cpp(170): warning C4305: '=': truncation from 'double' to 'float32'
c:\users\adria\documents\visual studio 2017\projects\student pack\student pack\coursework 2 - gamev1\coursework 2 - starter\src\dynamicblock.cpp(177): warning C4305: 'argument': truncation from 'double' to 'float'
c:\users\adria\documents\visual studio 2017\projects\student pack\student pack\coursework 2 - gamev1\coursework 2 - starter\src\dynamicblock.cpp(185): warning C4244: 'argument': conversion from 'double' to 'float32', possible loss of data
c:\users\adria\documents\visual studio 2017\projects\student pack\student pack\coursework 2 - gamev1\coursework 2 - starter\src\dynamicblock.cpp(188): warning C4305: '=': truncation from 'double' to 'float32'
c:\users\adria\documents\visual studio 2017\projects\student pack\student pack\coursework 2 - gamev1\coursework 2 - starter\src\dynamicblock.cpp(189): warning C4305: '=': truncation from 'double' to 'float32'
c:\users\adria\documents\visual studio 2017\projects\student pack\student pack\coursework 2 - gamev1\coursework 2 - starter\src\dynamicblock.cpp(196): warning C4305: 'argument': truncation from 'double' to 'float'
c:\users\adria\documents\visual studio 2017\projects\student pack\student pack\coursework 2 - gamev1\coursework 2 - starter\src\dynamicblock.cpp(204): warning C4244: 'argument': conversion from 'double' to 'float32', possible loss of data
c:\users\adria\documents\visual studio 2017\projects\student pack\student pack\coursework 2 - gamev1\coursework 2 - starter\src\dynamicblock.cpp(207): warning C4305: '=': truncation from 'double' to 'float32'
c:\users\adria\documents\visual studio 2017\projects\student pack\student pack\coursework 2 - gamev1\coursework 2 - starter\src\dynamicblock.cpp(208): warning C4305: '=': truncation from 'double' to 'float32'
  Coursework 2 - starter.vcxproj -> C:\Users\adria\Documents\Visual Studio 2017\Projects\Student Pack\Student Pack\Coursework 2 - GameV1\Debug\Coursework 2 - starter.exe
  Coursework 2 - starter.vcxproj -> C:\Users\adria\Documents\Visual Studio 2017\Projects\Student Pack\Student Pack\Coursework 2 - GameV1\Debug\Coursework 2 - starter.pdb (Partial PDB)
